{'链接': 'https://www.behance.net/gallery/143788249/Porsche-911-Targa', '时间': '2023-05-05 16:16:26', '状态': '采集成功'}
{'链接': 'https://www.behance.net/gallery/126974131/BMW-M4', '时间': '2023-05-05 16:16:46', '状态': '采集成功'}
{'链接': 'https://www.behance.net/gallery/133974421/Tesla-Model-X', '时间': '2023-05-05 16:17:03', '状态': '采集成功'}
{'链接': 'https://www.behance.net/gallery/128857929/Porsche-911-Turbo-S-TECHART', '时间': '2023-05-05 16:17:18', '状态': '采集成功'}
{'链接': 'https://www.behance.net/gallery/143788249/Porsche-911-Targa', '时间': '2023-05-05 16:37:43', '状态': '采集成功'}
{'链接': 'https://www.behance.net/gallery/126974131/BMW-M4', '时间': '2023-05-05 16:37:56', '状态': '采集成功'}
{'链接': 'https://www.behance.net/gallery/133974421/Tesla-Model-X', '时间': '2023-05-05 16:38:06', '状态': '采集成功'}
{'链接': 'https://www.behance.net/gallery/128857929/Porsche-911-Turbo-S-TECHART', '时间': '2023-05-05 16:38:22', '状态': '采集成功'}
{'链接': 'https://www.behance.net/gallery/143788249/Porsche-911-Targa', '时间': '2023-05-05 16:47:58', '状态': '采集成功'}
{'链接': 'https://www.behance.net/gallery/126974131/BMW-M4', '时间': '2023-05-05 16:48:09', '状态': '采集成功'}
{'链接': 'https://www.behance.net/gallery/133974421/Tesla-Model-X', '时间': '2023-05-05 16:48:18', '状态': '采集成功'}
{'链接': 'https://www.behance.net/gallery/128857929/Porsche-911-Turbo-S-TECHART', '时间': '2023-05-05 16:48:26', '状态': '采集成功'}
{'链接': 'https://www.behance.net/gallery/130978923/Mercedes-AMG-GTS', '时间': '2023-05-05 16:48:37', '状态': '采集成功'}
{'链接': 'https://www.behance.net/gallery/154597193/Afrodite-Santorini', '时间': '2023-05-05 16:49:00', '状态': '采集成功'}
{'链接': 'https://www.behance.net/gallery/135397695/Porsche-911-Turbo', '时间': '2023-05-05 16:49:09', '状态': '采集成功'}
{'链接': 'https://www.behance.net/gallery/134698129/Europe-Tour-Architecture', '时间': '2023-05-05 16:49:29', '状态': '采集成功'}
{'链接': 'https://www.behance.net/gallery/124564281/Nissan-Skyline-R35', '时间': '2023-05-05 16:49:55', '状态': '采集成功'}
{'链接': 'https://www.behance.net/gallery/143788249/Porsche-911-Targa', '时间': '2023-05-05 16:50:28', '状态': '采集成功'}
{'链接': 'https://www.behance.net/gallery/143788249/Porsche-911-Targa', '时间': '2023-05-05 16:51:28', '状态': '采集成功'}
{'链接': 'https://www.behance.net/gallery/143788249/Porsche-911-Targa', '时间': '2023-05-05 16:53:10', '状态': '采集成功'}
{'链接': 'https://www.behance.net/gallery/126974131/BMW-M4', '时间': '2023-05-05 16:53:19', '状态': '采集成功'}
{'链接': 'https://www.behance.net/gallery/133974421/Tesla-Model-X', '时间': '2023-05-05 16:53:29', '状态': '采集成功'}
{'链接': 'https://www.behance.net/gallery/143788249/Porsche-911-Targa', '时间': '2023-05-05 17:53:56', '状态': '采集成功'}
{'链接': 'https://www.behance.net/gallery/126974131/BMW-M4', '时间': '2023-05-05 17:54:04', '状态': '采集成功'}
{'链接': 'https://www.behance.net/gallery/133974421/Tesla-Model-X', '时间': '2023-05-05 17:54:14', '状态': '采集成功'}
{'链接': 'https://www.behance.net/gallery/128857929/Porsche-911-Turbo-S-TECHART', '时间': '2023-05-05 17:54:24', '状态': '采集成功'}
{'链接': 'https://www.behance.net/gallery/143788249/Porsche-911-Targa', '时间': '2023-05-06 09:40:54', '状态': '采集成功'}
{'链接': 'https://www.behance.net/gallery/143788249/Porsche-911-Targa', '时间': '2023-05-06 09:43:05', '状态': '采集成功'}
{'链接': 'https://www.behance.net/gallery/143788249/Porsche-911-Targa', '时间': '2023-05-06 09:44:21', '状态': '采集成功'}
{'链接': 'https://www.behance.net/gallery/143788249/Porsche-911-Targa', '时间': '2023-05-06 09:51:42', '状态': '采集失败', '失败原因': 'Traceback (most recent call last):\n  File "E:\\Python\\Python3.11\\Lib\\site-packages\\urllib3\\connectionpool.py", line 594, in urlopen\n    self._prepare_proxy(conn)\n  File "E:\\Python\\Python3.11\\Lib\\site-packages\\urllib3\\connectionpool.py", line 805, in _prepare_proxy\n    conn.connect()\n  File "E:\\Python\\Python3.11\\Lib\\site-packages\\urllib3\\connection.py", line 337, in connect\n    self.sock = ssl_wrap_socket(\n                ^^^^^^^^^^^^^^^^\n  File "E:\\Python\\Python3.11\\Lib\\site-packages\\urllib3\\util\\ssl_.py", line 345, in ssl_wrap_socket\n    return context.wrap_socket(sock, server_hostname=server_hostname)\n           ^^^^^^^^^^^^^^^^^^^^^^^^^^^^^^^^^^^^^^^^^^^^^^^^^^^^^^^^^^\n  File "E:\\Python\\Python3.11\\Lib\\ssl.py", line 517, in wrap_socket\n    return self.sslsocket_class._create(\n           ^^^^^^^^^^^^^^^^^^^^^^^^^^^^^\n  File "E:\\Python\\Python3.11\\Lib\\ssl.py", line 1075, in _create\n    self.do_handshake()\n  File "E:\\Python\\Python3.11\\Lib\\ssl.py", line 1346, in do_handshake\n    self._sslobj.do_handshake()\nConnectionResetError: [WinError 10054] 远程主机强迫关闭了一个现有的连接。\n\nDuring handling of the above exception, another exception occurred:\n\nTraceback (most recent call last):\n  File "E:\\Python\\Python3.11\\Lib\\site-packages\\requests\\adapters.py", line 439, in send\n    resp = conn.urlopen(\n           ^^^^^^^^^^^^^\n  File "E:\\Python\\Python3.11\\Lib\\site-packages\\urllib3\\connectionpool.py", line 637, in urlopen\n    retries = retries.increment(method, url, error=e, _pool=self,\n              ^^^^^^^^^^^^^^^^^^^^^^^^^^^^^^^^^^^^^^^^^^^^^^^^^^^\n  File "E:\\Python\\Python3.11\\Lib\\site-packages\\urllib3\\util\\retry.py", line 399, in increment\n    raise MaxRetryError(_pool, url, error or ResponseError(cause))\nurllib3.exceptions.MaxRetryError: HTTPSConnectionPool(host=\'www.behance.net\', port=443): Max retries exceeded with url: /gallery/143788249/Porsche-911-Targa (Caused by ProxyError(\'Cannot connect to proxy.\', ConnectionResetError(10054, \'远程主机强迫关闭了一个现有的连接。\', None, 10054, None)))\n\nDuring handling of the above exception, another exception occurred:\n\nTraceback (most recent call last):\n  File "E:\\Python项目\\数维特\\图片采集\\图片采集4_0\\图片采集_4.py", line 195, in second_request\n    response = requests.get(\n               ^^^^^^^^^^^^^\n  File "E:\\Python\\Python3.11\\Lib\\site-packages\\requests\\api.py", line 75, in get\n    return request(\'get\', url, params=params, **kwargs)\n           ^^^^^^^^^^^^^^^^^^^^^^^^^^^^^^^^^^^^^^^^^^^^\n  File "E:\\Python\\Python3.11\\Lib\\site-packages\\requests\\api.py", line 60, in request\n    return session.request(method=method, url=url, **kwargs)\n           ^^^^^^^^^^^^^^^^^^^^^^^^^^^^^^^^^^^^^^^^^^^^^^^^^\n  File "E:\\Python\\Python3.11\\Lib\\site-packages\\requests\\sessions.py", line 524, in request\n    resp = self.send(prep, **send_kwargs)\n           ^^^^^^^^^^^^^^^^^^^^^^^^^^^^^^\n  File "E:\\Python\\Python3.11\\Lib\\site-packages\\requests\\sessions.py", line 637, in send\n    r = adapter.send(request, **kwargs)\n        ^^^^^^^^^^^^^^^^^^^^^^^^^^^^^^^\n  File "E:\\Python\\Python3.11\\Lib\\site-packages\\requests\\adapters.py", line 510, in send\n    raise ProxyError(e, request=request)\nrequests.exceptions.ProxyError: HTTPSConnectionPool(host=\'www.behance.net\', port=443): Max retries exceeded with url: /gallery/143788249/Porsche-911-Targa (Caused by ProxyError(\'Cannot connect to proxy.\', ConnectionResetError(10054, \'远程主机强迫关闭了一个现有的连接。\', None, 10054, None)))\n'}
{'链接': 'https://www.behance.net/gallery/143788249/Porsche-911-Targa', '时间': '2023-05-06 09:52:58', '状态': '采集成功'}
{'链接': 'https://www.behance.net/gallery/143788249/Porsche-911-Targa', '时间': '2023-05-06 09:54:57', '状态': '采集成功'}
